<?xml version="1.0" encoding="UTF-8"?>
<!-- Generated by org.testng.reporters.JUnitReportReporter -->
<testsuite hostname="LAPTOP-K180U6IV" failures="0" tests="5" name="Runner.Test1" time="83.132" errors="0" timestamp="2024-09-01T23:37:21 IST" skipped="0">
  <testcase classname="Runner.Test1" name="runScenario" time="17.055"/>
  <testcase classname="Runner.Test1" name="runScenario" time="18.551"/>
  <testcase classname="Runner.Test1" name="runScenario" time="18.663"/>
  <testcase classname="Runner.Test1" name="runScenario" time="12.363"/>
  <testcase classname="Runner.Test1" name="runScenario" time="16.500"/>
</testsuite> <!-- Runner.Test1 -->
